Determining if the pthread_create exist failed with the following output:
Change Dir: /home/cezary/CLionProjects/pw3/CMakeFiles/CMakeTmp

Run Build Command:"/usr/bin/make" "cmTC_6b791/fast"
/usr/bin/make -f CMakeFiles/cmTC_6b791.dir/build.make CMakeFiles/cmTC_6b791.dir/build
make[1]: Wejście do katalogu '/home/cezary/CLionProjects/pw3/CMakeFiles/CMakeTmp'
Building C object CMakeFiles/cmTC_6b791.dir/CheckSymbolExists.c.o
/usr/bin/cc    -o CMakeFiles/cmTC_6b791.dir/CheckSymbolExists.c.o   -c /home/cezary/CLionProjects/pw3/CMakeFiles/CMakeTmp/CheckSymbolExists.c
Linking C executable cmTC_6b791
/usr/bin/cmake -E cmake_link_script CMakeFiles/cmTC_6b791.dir/link.txt --verbose=1
/usr/bin/cc      -rdynamic CMakeFiles/cmTC_6b791.dir/CheckSymbolExists.c.o  -o cmTC_6b791 
CMakeFiles/cmTC_6b791.dir/CheckSymbolExists.c.o: In function `main':
CheckSymbolExists.c:(.text+0x1b): undefined reference to `pthread_create'
collect2: error: ld returned 1 exit status
CMakeFiles/cmTC_6b791.dir/build.make:97: recipe for target 'cmTC_6b791' failed
make[1]: *** [cmTC_6b791] Error 1
make[1]: Opuszczenie katalogu '/home/cezary/CLionProjects/pw3/CMakeFiles/CMakeTmp'
Makefile:126: recipe for target 'cmTC_6b791/fast' failed
make: *** [cmTC_6b791/fast] Error 2

File /home/cezary/CLionProjects/pw3/CMakeFiles/CMakeTmp/CheckSymbolExists.c:
/* */
#include <pthread.h>

int main(int argc, char** argv)
{
  (void)argv;
#ifndef pthread_create
  return ((int*)(&pthread_create))[argc];
#else
  (void)argc;
  return 0;
#endif
}

Determining if the function pthread_create exists in the pthreads failed with the following output:
Change Dir: /home/cezary/CLionProjects/pw3/CMakeFiles/CMakeTmp

Run Build Command:"/usr/bin/make" "cmTC_84c3f/fast"
/usr/bin/make -f CMakeFiles/cmTC_84c3f.dir/build.make CMakeFiles/cmTC_84c3f.dir/build
make[1]: Wejście do katalogu '/home/cezary/CLionProjects/pw3/CMakeFiles/CMakeTmp'
Building C object CMakeFiles/cmTC_84c3f.dir/CheckFunctionExists.c.o
/usr/bin/cc   -DCHECK_FUNCTION_EXISTS=pthread_create   -o CMakeFiles/cmTC_84c3f.dir/CheckFunctionExists.c.o   -c /usr/share/cmake-3.10/Modules/CheckFunctionExists.c
Linking C executable cmTC_84c3f
/usr/bin/cmake -E cmake_link_script CMakeFiles/cmTC_84c3f.dir/link.txt --verbose=1
/usr/bin/cc  -DCHECK_FUNCTION_EXISTS=pthread_create    -rdynamic CMakeFiles/cmTC_84c3f.dir/CheckFunctionExists.c.o  -o cmTC_84c3f -lpthreads 
/usr/bin/ld: cannot find -lpthreads
collect2: error: ld returned 1 exit status
CMakeFiles/cmTC_84c3f.dir/build.make:97: recipe for target 'cmTC_84c3f' failed
make[1]: *** [cmTC_84c3f] Error 1
make[1]: Opuszczenie katalogu '/home/cezary/CLionProjects/pw3/CMakeFiles/CMakeTmp'
Makefile:126: recipe for target 'cmTC_84c3f/fast' failed
make: *** [cmTC_84c3f/fast] Error 2


